<?xml version="1.0" encoding="UTF-8"?>
<!-- Generated by org.testng.reporters.JUnitReportReporter -->
<testsuite skipped="10" hostname="DESKTOP-MCHAE09" name="co.famepilot.selenium.webdriver.basic.Famepilot_Login" tests="13" failures="0" timestamp="2022-11-27T00:26:44 IST" time="21.581" errors="3">
  <testcase name="tearDown" time="21.573" classname="co.famepilot.selenium.webdriver.basic.Famepilot_Login">
    <error type="java.lang.NullPointerException">
      <![CDATA[java.lang.NullPointerException
at co.famepilot.selenium.webdriver.basic.Famepilot_Login.tearDown(Famepilot_Login.java:205)
at sun.reflect.NativeMethodAccessorImpl.invoke0(Native Method)
at sun.reflect.NativeMethodAccessorImpl.invoke(Unknown Source)
at sun.reflect.DelegatingMethodAccessorImpl.invoke(Unknown Source)
at java.lang.reflect.Method.invoke(Unknown Source)
at org.testng.internal.MethodInvocationHelper.invokeMethod(MethodInvocationHelper.java:133)
at org.testng.internal.MethodInvocationHelper.invokeMethodConsideringTimeout(MethodInvocationHelper.java:62)
at org.testng.internal.ConfigInvoker.invokeConfigurationMethod(ConfigInvoker.java:385)
at org.testng.internal.ConfigInvoker.invokeConfigurations(ConfigInvoker.java:321)
at org.testng.internal.TestInvoker.runConfigMethods(TestInvoker.java:700)
at org.testng.internal.TestInvoker.runAfterGroupsConfigurations(TestInvoker.java:676)
at org.testng.internal.TestInvoker.invokeMethod(TestInvoker.java:660)
at org.testng.internal.TestInvoker.invokeTestMethod(TestInvoker.java:173)
at org.testng.internal.MethodRunner.runInSequence(MethodRunner.java:46)
at org.testng.internal.TestInvoker$MethodInvocationAgent.invoke(TestInvoker.java:824)
at org.testng.internal.TestInvoker.invokeTestMethods(TestInvoker.java:146)
at org.testng.internal.TestMethodWorker.invokeTestMethods(TestMethodWorker.java:146)
at org.testng.internal.TestMethodWorker.run(TestMethodWorker.java:128)
at java.util.ArrayList.forEach(Unknown Source)
at org.testng.TestRunner.privateRun(TestRunner.java:794)
at org.testng.TestRunner.run(TestRunner.java:596)
at org.testng.SuiteRunner.runTest(SuiteRunner.java:377)
at org.testng.SuiteRunner.runSequentially(SuiteRunner.java:371)
at org.testng.SuiteRunner.privateRun(SuiteRunner.java:332)
at org.testng.SuiteRunner.run(SuiteRunner.java:276)
at org.testng.SuiteRunnerWorker.runSuite(SuiteRunnerWorker.java:53)
at org.testng.SuiteRunnerWorker.run(SuiteRunnerWorker.java:96)
at org.testng.TestNG.runSuitesSequentially(TestNG.java:1212)
at org.testng.TestNG.runSuitesLocally(TestNG.java:1134)
at org.testng.TestNG.runSuites(TestNG.java:1063)
at org.testng.TestNG.run(TestNG.java:1031)
at org.testng.remote.AbstractRemoteTestNG.run(AbstractRemoteTestNG.java:115)
at org.testng.remote.RemoteTestNG.initAndRun(RemoteTestNG.java:251)
at org.testng.remote.RemoteTestNG.main(RemoteTestNG.java:77)
]]>
    </error>
  </testcase> <!-- tearDown -->
  <system-out/>
  <testcase name="verifyPageTitleTest" time="0.007" classname="co.famepilot.selenium.webdriver.basic.Famepilot_Login">
    <error type="java.lang.NullPointerException">
      <![CDATA[java.lang.NullPointerException
at co.famepilot.selenium.webdriver.basic.Famepilot_Login.verifyPageTitleTest(Famepilot_Login.java:33)
at sun.reflect.NativeMethodAccessorImpl.invoke0(Native Method)
at sun.reflect.NativeMethodAccessorImpl.invoke(Unknown Source)
at sun.reflect.DelegatingMethodAccessorImpl.invoke(Unknown Source)
at java.lang.reflect.Method.invoke(Unknown Source)
at org.testng.internal.MethodInvocationHelper.invokeMethod(MethodInvocationHelper.java:133)
at org.testng.internal.TestInvoker.invokeMethod(TestInvoker.java:598)
at org.testng.internal.TestInvoker.invokeTestMethod(TestInvoker.java:173)
at org.testng.internal.MethodRunner.runInSequence(MethodRunner.java:46)
at org.testng.internal.TestInvoker$MethodInvocationAgent.invoke(TestInvoker.java:824)
at org.testng.internal.TestInvoker.invokeTestMethods(TestInvoker.java:146)
at org.testng.internal.TestMethodWorker.invokeTestMethods(TestMethodWorker.java:146)
at org.testng.internal.TestMethodWorker.run(TestMethodWorker.java:128)
at java.util.ArrayList.forEach(Unknown Source)
at org.testng.TestRunner.privateRun(TestRunner.java:794)
at org.testng.TestRunner.run(TestRunner.java:596)
at org.testng.SuiteRunner.runTest(SuiteRunner.java:377)
at org.testng.SuiteRunner.runSequentially(SuiteRunner.java:371)
at org.testng.SuiteRunner.privateRun(SuiteRunner.java:332)
at org.testng.SuiteRunner.run(SuiteRunner.java:276)
at org.testng.SuiteRunnerWorker.runSuite(SuiteRunnerWorker.java:53)
at org.testng.SuiteRunnerWorker.run(SuiteRunnerWorker.java:96)
at org.testng.TestNG.runSuitesSequentially(TestNG.java:1212)
at org.testng.TestNG.runSuitesLocally(TestNG.java:1134)
at org.testng.TestNG.runSuites(TestNG.java:1063)
at org.testng.TestNG.run(TestNG.java:1031)
at org.testng.remote.AbstractRemoteTestNG.run(AbstractRemoteTestNG.java:115)
at org.testng.remote.RemoteTestNG.initAndRun(RemoteTestNG.java:251)
at org.testng.remote.RemoteTestNG.main(RemoteTestNG.java:77)
]]>
    </error>
  </testcase> <!-- verifyPageTitleTest -->
  <system-out/>
  <testcase name="verifyFamepilotLogoTest" time="0.000" classname="co.famepilot.selenium.webdriver.basic.Famepilot_Login">
    <skipped/>
  </testcase> <!-- verifyFamepilotLogoTest -->
  <system-out/>
  <testcase name="verifyValidlogindetailsTest" time="0.000" classname="co.famepilot.selenium.webdriver.basic.Famepilot_Login">
    <error type="org.testng.TestNGException" message="
Parameter &#039;loginbutton&#039; is required by @Test on method verifyValidlogindetailsTest but has not been marked @Optional or defined
in C:\Users\Trapti\AppData\Local\Temp\testng-eclipse--1659546882\testng-customsuite.xml">
      <![CDATA[org.testng.TestNGException: 
Parameter 'loginbutton' is required by @Test on method verifyValidlogindetailsTest but has not been marked @Optional or defined
in C:\Users\Trapti\AppData\Local\Temp\testng-eclipse--1659546882\testng-customsuite.xml
at org.testng.internal.Parameters.createParams(Parameters.java:270)
at org.testng.internal.Parameters.createParametersForMethod(Parameters.java:358)
at org.testng.internal.Parameters.createParameters(Parameters.java:700)
at org.testng.internal.Parameters.handleParameters(Parameters.java:884)
at org.testng.internal.Parameters.handleParameters(Parameters.java:740)
at org.testng.internal.ParameterHandler.handleParameters(ParameterHandler.java:59)
at org.testng.internal.ParameterHandler.createParameters(ParameterHandler.java:38)
at org.testng.internal.TestInvoker$MethodInvocationAgent.invoke(TestInvoker.java:791)
at org.testng.internal.TestInvoker.invokeTestMethods(TestInvoker.java:146)
at org.testng.internal.TestMethodWorker.invokeTestMethods(TestMethodWorker.java:146)
at org.testng.internal.TestMethodWorker.run(TestMethodWorker.java:128)
at java.util.ArrayList.forEach(Unknown Source)
at org.testng.TestRunner.privateRun(TestRunner.java:794)
at org.testng.TestRunner.run(TestRunner.java:596)
at org.testng.SuiteRunner.runTest(SuiteRunner.java:377)
at org.testng.SuiteRunner.runSequentially(SuiteRunner.java:371)
at org.testng.SuiteRunner.privateRun(SuiteRunner.java:332)
at org.testng.SuiteRunner.run(SuiteRunner.java:276)
at org.testng.SuiteRunnerWorker.runSuite(SuiteRunnerWorker.java:53)
at org.testng.SuiteRunnerWorker.run(SuiteRunnerWorker.java:96)
at org.testng.TestNG.runSuitesSequentially(TestNG.java:1212)
at org.testng.TestNG.runSuitesLocally(TestNG.java:1134)
at org.testng.TestNG.runSuites(TestNG.java:1063)
at org.testng.TestNG.run(TestNG.java:1031)
at org.testng.remote.AbstractRemoteTestNG.run(AbstractRemoteTestNG.java:115)
at org.testng.remote.RemoteTestNG.initAndRun(RemoteTestNG.java:251)
at org.testng.remote.RemoteTestNG.main(RemoteTestNG.java:77)
]]>
    </error>
  </testcase> <!-- verifyValidlogindetailsTest -->
  <system-out/>
  <testcase name="verifyInvalidEmailTest" time="0.001" classname="co.famepilot.selenium.webdriver.basic.Famepilot_Login">
    <skipped/>
  </testcase> <!-- verifyInvalidEmailTest -->
  <system-out/>
  <testcase name="verifyInvalidPasswordTest" time="0.000" classname="co.famepilot.selenium.webdriver.basic.Famepilot_Login">
    <skipped/>
  </testcase> <!-- verifyInvalidPasswordTest -->
  <system-out/>
  <testcase name="verifyInvalidCredentialsTest" time="0.000" classname="co.famepilot.selenium.webdriver.basic.Famepilot_Login">
    <skipped/>
  </testcase> <!-- verifyInvalidCredentialsTest -->
  <system-out/>
  <testcase name="verifyEmplyfieldsTest" time="0.000" classname="co.famepilot.selenium.webdriver.basic.Famepilot_Login">
    <skipped/>
  </testcase> <!-- verifyEmplyfieldsTest -->
  <system-out/>
  <testcase name="verifyEmptyUsernameFieldTest" time="0.000" classname="co.famepilot.selenium.webdriver.basic.Famepilot_Login">
    <skipped/>
  </testcase> <!-- verifyEmptyUsernameFieldTest -->
  <system-out/>
  <testcase name="verifyEmptyPasswordFieldTest" time="0.000" classname="co.famepilot.selenium.webdriver.basic.Famepilot_Login">
    <skipped/>
  </testcase> <!-- verifyEmptyPasswordFieldTest -->
  <system-out/>
  <testcase name="verifyTermsconditionsTest" time="0.000" classname="co.famepilot.selenium.webdriver.basic.Famepilot_Login">
    <skipped/>
  </testcase> <!-- verifyTermsconditionsTest -->
  <system-out/>
  <testcase name="verifycrossbuttonTest" time="0.000" classname="co.famepilot.selenium.webdriver.basic.Famepilot_Login">
    <skipped/>
  </testcase> <!-- verifycrossbuttonTest -->
  <system-out/>
  <testcase name="verifytermsconditionlinkTest" time="0.000" classname="co.famepilot.selenium.webdriver.basic.Famepilot_Login">
    <skipped/>
  </testcase> <!-- verifytermsconditionlinkTest -->
  <system-out/>
</testsuite> <!-- co.famepilot.selenium.webdriver.basic.Famepilot_Login -->
