<html>
<head>
<title>TestNG:  Default test</title>
<link href="../testng.css" rel="stylesheet" type="text/css" />
<link href="../my-testng.css" rel="stylesheet" type="text/css" />

<style type="text/css">
.log { display: none;} 
.stack-trace { display: none;} 
</style>
<script type="text/javascript">
<!--
function flip(e) {
  current = e.style.display;
  if (current == 'block') {
    e.style.display = 'none';
    return 0;
  }
  else {
    e.style.display = 'block';
    return 1;
  }
}

function toggleBox(szDivId, elem, msg1, msg2)
{
  var res = -1;  if (document.getElementById) {
    res = flip(document.getElementById(szDivId));
  }
  else if (document.all) {
    // this is the way old msie versions work
    res = flip(document.all[szDivId]);
  }
  if(elem) {
    if(res == 0) elem.innerHTML = msg1; else elem.innerHTML = msg2;
  }

}

function toggleAllBoxes() {
  if (document.getElementsByTagName) {
    d = document.getElementsByTagName('div');
    for (i = 0; i < d.length; i++) {
      if (d[i].className == 'log') {
        flip(d[i]);
      }
    }
  }
}

// -->
</script>

</head>
<body>
<h2 align='center'>Default test</h2><table border='1' align="center">
<tr>
<td>Tests passed/Failed/Skipped:</td><td>11/1/0</td>
</tr><tr>
<td>Started on:</td><td>Sat Jan 14 18:18:24 IST 2023</td>
</tr>
<tr><td>Total time:</td><td>491 seconds (491465 ms)</td>
</tr><tr>
<td>Included groups:</td><td></td>
</tr><tr>
<td>Excluded groups:</td><td></td>
</tr>
</table><p/>
<small><i>(Hover the method name to see the test class name)</i></small><p/>
<table width='100%' border='1' class='invocation-failed'>
<tr><td colspan='4' align='center'><b>FAILED TESTS</b></td></tr>
<tr><td><b>Test method</b></td>
<td width="30%"><b>Exception</b></td>
<td width="10%"><b>Time (seconds)</b></td>
<td><b>Instance</b></td>
</tr>
<tr>
<td title='co.famepilot.selenium.webdriver.basic.Famepilot_Login.verifyValidlogindetailsTest()'><b>verifyValidlogindetailsTest</b><br>Test class: co.famepilot.selenium.webdriver.basic.Famepilot_Login</td>
<td><div><pre>org.testng.TestNGException: 
Parameter &apos;loginbutton&apos; is required by @Test on method verifyValidlogindetailsTest but has not been marked @Optional or defined
in C:\Users\Trapti\AppData\Local\Temp\testng-eclipse--1486140455\testng-customsuite.xml
	at org.testng.internal.Parameters.createParams(Parameters.java:270)
	at org.testng.internal.Parameters.createParametersForMethod(Parameters.java:358)
	at org.testng.internal.Parameters.createParameters(Parameters.java:700)
	at org.testng.internal.Parameters.handleParameters(Parameters.java:884)
	at org.testng.internal.Parameters.handleParameters(Parameters.java:740)
	at org.testng.internal.ParameterHandler.handleParameters(ParameterHandler.java:59)
	at org.testng.internal.ParameterHandler.createParameters(ParameterHandler.java:38)
	at org.testng.internal.TestInvoker$MethodInvocationAgent.invoke(TestInvoker.java:791)
	at org.testng.internal.TestInvoker.invokeTestMethods(TestInvoker.java:146)
	at org.testng.internal.TestMethodWorker.invokeTestMethods(TestMethodWorker.java:146)
	at org.testng.internal.TestMethodWorker.run(TestMethodWorker.java:128)
	at java.util.ArrayList.forEach(Unknown Source)
	at org.testng.TestRunner.privateRun(TestRunner.java:794)
	at org.testng.TestRunner.run(TestRunner.java:596)
	at org.testng.SuiteRunner.runTest(SuiteRunner.java:377)
	at org.testng.SuiteRunner.runSequentially(SuiteRunner.java:371)
	at org.testng.SuiteRunner.privateRun(SuiteRunner.java:332)
	at org.testng.SuiteRunner.run(SuiteRunner.java:276)
	at org.testng.SuiteRunnerWorker.runSuite(SuiteRunnerWorker.java:53)
	at org.testng.SuiteRunnerWorker.run(SuiteRunnerWorker.java:96)
	at org.testng.TestNG.runSuitesSequentially(TestNG.java:1212)
	at org.testng.TestNG.runSuitesLocally(TestNG.java:1134)
	at org.testng.TestNG.runSuites(TestNG.java:1063)
	at org.testng.TestNG.run(TestNG.java:1031)
	at org.testng.remote.AbstractRemoteTestNG.run(AbstractRemoteTestNG.java:115)
	at org.testng.remote.RemoteTestNG.initAndRun(RemoteTestNG.java:251)
	at org.testng.remote.RemoteTestNG.main(RemoteTestNG.java:77)
</pre></div><a href='#' onClick='toggleBox("stack-trace1545327692", this, "Click to show all stack frames", "Click to hide stack frames")'>Click to show all stack frames</a>
<div class='stack-trace' id='stack-trace1545327692'><pre>org.testng.TestNGException: 
Parameter &apos;loginbutton&apos; is required by @Test on method verifyValidlogindetailsTest but has not been marked @Optional or defined
in C:\Users\Trapti\AppData\Local\Temp\testng-eclipse--1486140455\testng-customsuite.xml
	at org.testng.internal.Parameters.createParams(Parameters.java:270)
	at org.testng.internal.Parameters.createParametersForMethod(Parameters.java:358)
	at org.testng.internal.Parameters.createParameters(Parameters.java:700)
	at org.testng.internal.Parameters.handleParameters(Parameters.java:884)
	at org.testng.internal.Parameters.handleParameters(Parameters.java:740)
	at org.testng.internal.ParameterHandler.handleParameters(ParameterHandler.java:59)
	at org.testng.internal.ParameterHandler.createParameters(ParameterHandler.java:38)
	at org.testng.internal.TestInvoker$MethodInvocationAgent.invoke(TestInvoker.java:791)
	at org.testng.internal.TestInvoker.invokeTestMethods(TestInvoker.java:146)
	at org.testng.internal.TestMethodWorker.invokeTestMethods(TestMethodWorker.java:146)
	at org.testng.internal.TestMethodWorker.run(TestMethodWorker.java:128)
	at java.util.ArrayList.forEach(Unknown Source)
	at org.testng.TestRunner.privateRun(TestRunner.java:794)
	at org.testng.TestRunner.run(TestRunner.java:596)
	at org.testng.SuiteRunner.runTest(SuiteRunner.java:377)
	at org.testng.SuiteRunner.runSequentially(SuiteRunner.java:371)
	at org.testng.SuiteRunner.privateRun(SuiteRunner.java:332)
	at org.testng.SuiteRunner.run(SuiteRunner.java:276)
	at org.testng.SuiteRunnerWorker.runSuite(SuiteRunnerWorker.java:53)
	at org.testng.SuiteRunnerWorker.run(SuiteRunnerWorker.java:96)
	at org.testng.TestNG.runSuitesSequentially(TestNG.java:1212)
	at org.testng.TestNG.runSuitesLocally(TestNG.java:1134)
	at org.testng.TestNG.runSuites(TestNG.java:1063)
	at org.testng.TestNG.run(TestNG.java:1031)
	at org.testng.remote.AbstractRemoteTestNG.run(AbstractRemoteTestNG.java:115)
	at org.testng.remote.RemoteTestNG.initAndRun(RemoteTestNG.java:251)
	at org.testng.remote.RemoteTestNG.main(RemoteTestNG.java:77)
</pre></div></td>
<td>0</td>
<td>co.famepilot.selenium.webdriver.basic.Famepilot_Login@612679d6</td></tr>
</table><p>
<table width='100%' border='1' class='invocation-passed'>
<tr><td colspan='4' align='center'><b>PASSED TESTS</b></td></tr>
<tr><td><b>Test method</b></td>
<td width="30%"><b>Exception</b></td>
<td width="10%"><b>Time (seconds)</b></td>
<td><b>Instance</b></td>
</tr>
<tr>
<td title='co.famepilot.selenium.webdriver.basic.Famepilot_Login.verifytermsconditionlinkTest()'><b>verifytermsconditionlinkTest</b><br>Test class: co.famepilot.selenium.webdriver.basic.Famepilot_Login</td>
<td></td>
<td>16</td>
<td>co.famepilot.selenium.webdriver.basic.Famepilot_Login@612679d6</td></tr>
<tr>
<td title='co.famepilot.selenium.webdriver.basic.Famepilot_Login.verifyFamepilotLogoTest()'><b>verifyFamepilotLogoTest</b><br>Test class: co.famepilot.selenium.webdriver.basic.Famepilot_Login</td>
<td></td>
<td>0</td>
<td>co.famepilot.selenium.webdriver.basic.Famepilot_Login@612679d6</td></tr>
<tr>
<td title='co.famepilot.selenium.webdriver.basic.Famepilot_Login.verifyTermsconditionsTest()'><b>verifyTermsconditionsTest</b><br>Test class: co.famepilot.selenium.webdriver.basic.Famepilot_Login</td>
<td></td>
<td>15</td>
<td>co.famepilot.selenium.webdriver.basic.Famepilot_Login@612679d6</td></tr>
<tr>
<td title='co.famepilot.selenium.webdriver.basic.Famepilot_Login.verifyPageTitleTest()'><b>verifyPageTitleTest</b><br>Test class: co.famepilot.selenium.webdriver.basic.Famepilot_Login</td>
<td></td>
<td>0</td>
<td>co.famepilot.selenium.webdriver.basic.Famepilot_Login@612679d6</td></tr>
<tr>
<td title='co.famepilot.selenium.webdriver.basic.Famepilot_Login.verifyInvalidEmailTest()'><b>verifyInvalidEmailTest</b><br>Test class: co.famepilot.selenium.webdriver.basic.Famepilot_Login</td>
<td></td>
<td>30</td>
<td>co.famepilot.selenium.webdriver.basic.Famepilot_Login@612679d6</td></tr>
<tr>
<td title='co.famepilot.selenium.webdriver.basic.Famepilot_Login.verifyInvalidPasswordTest()'><b>verifyInvalidPasswordTest</b><br>Test class: co.famepilot.selenium.webdriver.basic.Famepilot_Login</td>
<td></td>
<td>16</td>
<td>co.famepilot.selenium.webdriver.basic.Famepilot_Login@612679d6</td></tr>
<tr>
<td title='co.famepilot.selenium.webdriver.basic.Famepilot_Login.verifyEmplyfieldsTest()'><b>verifyEmplyfieldsTest</b><br>Test class: co.famepilot.selenium.webdriver.basic.Famepilot_Login</td>
<td></td>
<td>14</td>
<td>co.famepilot.selenium.webdriver.basic.Famepilot_Login@612679d6</td></tr>
<tr>
<td title='co.famepilot.selenium.webdriver.basic.Famepilot_Login.verifyEmptyUsernameFieldTest()'><b>verifyEmptyUsernameFieldTest</b><br>Test class: co.famepilot.selenium.webdriver.basic.Famepilot_Login</td>
<td></td>
<td>23</td>
<td>co.famepilot.selenium.webdriver.basic.Famepilot_Login@612679d6</td></tr>
<tr>
<td title='co.famepilot.selenium.webdriver.basic.Famepilot_Login.verifyInvalidCredentialsTest()'><b>verifyInvalidCredentialsTest</b><br>Test class: co.famepilot.selenium.webdriver.basic.Famepilot_Login</td>
<td></td>
<td>24</td>
<td>co.famepilot.selenium.webdriver.basic.Famepilot_Login@612679d6</td></tr>
<tr>
<td title='co.famepilot.selenium.webdriver.basic.Famepilot_Login.verifycrossbuttonTest()'><b>verifycrossbuttonTest</b><br>Test class: co.famepilot.selenium.webdriver.basic.Famepilot_Login</td>
<td></td>
<td>22</td>
<td>co.famepilot.selenium.webdriver.basic.Famepilot_Login@612679d6</td></tr>
<tr>
<td title='co.famepilot.selenium.webdriver.basic.Famepilot_Login.verifyEmptyPasswordFieldTest()'><b>verifyEmptyPasswordFieldTest</b><br>Test class: co.famepilot.selenium.webdriver.basic.Famepilot_Login</td>
<td></td>
<td>16</td>
<td>co.famepilot.selenium.webdriver.basic.Famepilot_Login@612679d6</td></tr>
</table><p>
</body>
</html>