<?xml version="1.0" encoding="UTF-8"?>
<!-- Generated by org.testng.reporters.JUnitXMLReporter -->
<testsuite hostname="DESKTOP-MCHAE09" ignored="0" name="Famepilot App test" tests="12" failures="0" timestamp="2022-07-09T12:27:44 IST" time="16.559" errors="0">
  <testcase name="@BeforeMethod setUp" time="15.356" classname="co.famepilot.selenium.webdriver.basic.Famepilot_Login">
    <failure type="org.openqa.selenium.WebDriverException" message="unknown error: cannot determine loading status
from disconnected: received Inspector.detached event
  (Session info: chrome=103.0.5060.114)
Build info: version: &amp;apos;4.3.0&amp;apos;, revision: &amp;apos;a4995e2c09*&amp;apos;
System info: host: &amp;apos;DESKTOP-MCHAE09&amp;apos;, ip: &amp;apos;192.168.1.5&amp;apos;, os.name: &amp;apos;Windows 10&amp;apos;, os.arch: &amp;apos;amd64&amp;apos;, os.version: &amp;apos;10.0&amp;apos;, java.version: &amp;apos;1.8.0_331&amp;apos;
Driver info: org.openqa.selenium.chrome.ChromeDriver
Command: [b309fe552220c0e0224ec93ac66812b4, get {url=https://dev-app.famepilot.com/}]
Capabilities {acceptInsecureCerts: false, browserName: chrome, browserVersion: 103.0.5060.114, chrome: {chromedriverVersion: 103.0.5060.53 (a1711811edd7..., userDataDir: C:\Users\Trapti\AppData\Loc...}, goog:chromeOptions: {debuggerAddress: localhost:59586}, networkConnectionEnabled: false, pageLoadStrategy: normal, platformName: WINDOWS, proxy: Proxy(), se:cdp: ws://localhost:59586/devtoo..., se:cdpVersion: 103.0.5060.114, setWindowRect: true, strictFileInteractability: false, timeouts: {implicit: 0, pageLoad: 300000, script: 30000}, unhandledPromptBehavior: dismiss and notify, webauthn:extension:credBlob: true, webauthn:extension:largeBlob: true, webauthn:virtualAuthenticators: true}
Session ID: b309fe552220c0e0224ec93ac66812b4">
      <![CDATA[org.openqa.selenium.WebDriverException: unknown error: cannot determine loading status
from disconnected: received Inspector.detached event
  (Session info: chrome=103.0.5060.114)
Build info: version: '4.3.0', revision: 'a4995e2c09*'
System info: host: 'DESKTOP-MCHAE09', ip: '192.168.1.5', os.name: 'Windows 10', os.arch: 'amd64', os.version: '10.0', java.version: '1.8.0_331'
Driver info: org.openqa.selenium.chrome.ChromeDriver
Command: [b309fe552220c0e0224ec93ac66812b4, get {url=https://dev-app.famepilot.com/}]
Capabilities {acceptInsecureCerts: false, browserName: chrome, browserVersion: 103.0.5060.114, chrome: {chromedriverVersion: 103.0.5060.53 (a1711811edd7..., userDataDir: C:\Users\Trapti\AppData\Loc...}, goog:chromeOptions: {debuggerAddress: localhost:59586}, networkConnectionEnabled: false, pageLoadStrategy: normal, platformName: WINDOWS, proxy: Proxy(), se:cdp: ws://localhost:59586/devtoo..., se:cdpVersion: 103.0.5060.114, setWindowRect: true, strictFileInteractability: false, timeouts: {implicit: 0, pageLoad: 300000, script: 30000}, unhandledPromptBehavior: dismiss and notify, webauthn:extension:credBlob: true, webauthn:extension:largeBlob: true, webauthn:virtualAuthenticators: true}
Session ID: b309fe552220c0e0224ec93ac66812b4
at org.openqa.selenium.remote.codec.w3c.W3CHttpResponseCodec.createException(W3CHttpResponseCodec.java:200)
at org.openqa.selenium.remote.codec.w3c.W3CHttpResponseCodec.decode(W3CHttpResponseCodec.java:133)
at org.openqa.selenium.remote.codec.w3c.W3CHttpResponseCodec.decode(W3CHttpResponseCodec.java:53)
at org.openqa.selenium.remote.HttpCommandExecutor.execute(HttpCommandExecutor.java:184)
at org.openqa.selenium.remote.service.DriverCommandExecutor.invokeExecute(DriverCommandExecutor.java:167)
at org.openqa.selenium.remote.service.DriverCommandExecutor.execute(DriverCommandExecutor.java:142)
at org.openqa.selenium.remote.RemoteWebDriver.execute(RemoteWebDriver.java:569)
at org.openqa.selenium.remote.RemoteWebDriver.get(RemoteWebDriver.java:332)
at co.famepilot.selenium.webdriver.basic.Famepilot_Login.setUp(Famepilot_Login.java:25)
at java.util.ArrayList.forEach(Unknown Source)
... Removed 35 stack frames]]>
    </failure>
  </testcase> <!-- @BeforeMethod setUp -->
  <testcase name="@AfterMethod tearDown" time="-1.657349863785E9" classname="co.famepilot.selenium.webdriver.basic.Famepilot_Login">
    <skipped/>
  </testcase> <!-- @AfterMethod tearDown -->
  <testcase name="@BeforeMethod setUp" time="-1.6573498638E9" classname="co.famepilot.selenium.webdriver.basic.Famepilot_Login">
    <skipped/>
  </testcase> <!-- @BeforeMethod setUp -->
  <testcase name="@AfterMethod tearDown" time="-1.65734986385E9" classname="co.famepilot.selenium.webdriver.basic.Famepilot_Login">
    <skipped/>
  </testcase> <!-- @AfterMethod tearDown -->
  <testcase name="@BeforeMethod setUp" time="-1.657349863874E9" classname="co.famepilot.selenium.webdriver.basic.Famepilot_Login">
    <skipped/>
  </testcase> <!-- @BeforeMethod setUp -->
  <testcase name="@AfterMethod tearDown" time="-1.657349863958E9" classname="co.famepilot.selenium.webdriver.basic.Famepilot_Login">
    <skipped/>
  </testcase> <!-- @AfterMethod tearDown -->
  <testcase name="@BeforeMethod setUp" time="-1.657349863979E9" classname="co.famepilot.selenium.webdriver.basic.Famepilot_Login">
    <skipped/>
  </testcase> <!-- @BeforeMethod setUp -->
  <testcase name="@AfterMethod tearDown" time="-1.657349864086E9" classname="co.famepilot.selenium.webdriver.basic.Famepilot_Login">
    <skipped/>
  </testcase> <!-- @AfterMethod tearDown -->
  <testcase name="@BeforeMethod setUp" time="-1.657349864096E9" classname="co.famepilot.selenium.webdriver.basic.Famepilot_Login">
    <skipped/>
  </testcase> <!-- @BeforeMethod setUp -->
  <testcase name="@AfterMethod tearDown" time="-1.657349864152E9" classname="co.famepilot.selenium.webdriver.basic.Famepilot_Login">
    <skipped/>
  </testcase> <!-- @AfterMethod tearDown -->
  <testcase name="@BeforeMethod setUp" time="-1.657349864178E9" classname="co.famepilot.selenium.webdriver.basic.Famepilot_Login">
    <skipped/>
  </testcase> <!-- @BeforeMethod setUp -->
  <testcase name="@AfterMethod tearDown" time="-1.65734986423E9" classname="co.famepilot.selenium.webdriver.basic.Famepilot_Login">
    <skipped/>
  </testcase> <!-- @AfterMethod tearDown -->
  <testcase name="@BeforeMethod setUp" time="-1.657349864264E9" classname="co.famepilot.selenium.webdriver.basic.Famepilot_Login">
    <skipped/>
  </testcase> <!-- @BeforeMethod setUp -->
  <testcase name="@AfterMethod tearDown" time="-1.657349864293E9" classname="co.famepilot.selenium.webdriver.basic.Famepilot_Login">
    <skipped/>
  </testcase> <!-- @AfterMethod tearDown -->
  <testcase name="@BeforeMethod setUp" time="-1.657349864306E9" classname="co.famepilot.selenium.webdriver.basic.Famepilot_Login">
    <skipped/>
  </testcase> <!-- @BeforeMethod setUp -->
  <testcase name="@AfterMethod tearDown" time="-1.65734986433E9" classname="co.famepilot.selenium.webdriver.basic.Famepilot_Login">
    <skipped/>
  </testcase> <!-- @AfterMethod tearDown -->
  <testcase name="@BeforeMethod setUp" time="-1.657349864344E9" classname="co.famepilot.selenium.webdriver.basic.Famepilot_Login">
    <skipped/>
  </testcase> <!-- @BeforeMethod setUp -->
  <testcase name="@AfterMethod tearDown" time="-1.657349864379E9" classname="co.famepilot.selenium.webdriver.basic.Famepilot_Login">
    <skipped/>
  </testcase> <!-- @AfterMethod tearDown -->
  <testcase name="@BeforeMethod setUp" time="-1.657349864409E9" classname="co.famepilot.selenium.webdriver.basic.Famepilot_Login">
    <skipped/>
  </testcase> <!-- @BeforeMethod setUp -->
  <testcase name="@AfterMethod tearDown" time="-1.657349864441E9" classname="co.famepilot.selenium.webdriver.basic.Famepilot_Login">
    <skipped/>
  </testcase> <!-- @AfterMethod tearDown -->
  <testcase name="@BeforeMethod setUp" time="-1.657349864456E9" classname="co.famepilot.selenium.webdriver.basic.Famepilot_Login">
    <skipped/>
  </testcase> <!-- @BeforeMethod setUp -->
  <testcase name="@AfterMethod tearDown" time="-1.65734986449E9" classname="co.famepilot.selenium.webdriver.basic.Famepilot_Login">
    <skipped/>
  </testcase> <!-- @AfterMethod tearDown -->
  <testcase name="@BeforeMethod setUp" time="-1.657349864506E9" classname="co.famepilot.selenium.webdriver.basic.Famepilot_Login">
    <skipped/>
  </testcase> <!-- @BeforeMethod setUp -->
  <testcase name="@AfterMethod tearDown" time="-1.657349864559E9" classname="co.famepilot.selenium.webdriver.basic.Famepilot_Login">
    <skipped/>
  </testcase> <!-- @AfterMethod tearDown -->
  <testcase name="verifytermsconditionlinkTest" time="0.0" classname="co.famepilot.selenium.webdriver.basic.Famepilot_Login">
    <skipped/>
  </testcase> <!-- verifytermsconditionlinkTest -->
  <testcase name="verifyFamepilotLogoTest" time="0.0" classname="co.famepilot.selenium.webdriver.basic.Famepilot_Login">
    <skipped/>
  </testcase> <!-- verifyFamepilotLogoTest -->
  <testcase name="verifyValidlogindetailsTest" time="0.0" classname="co.famepilot.selenium.webdriver.basic.Famepilot_Login">
    <skipped/>
  </testcase> <!-- verifyValidlogindetailsTest -->
  <testcase name="verifyInvalidEmailTest" time="0.0" classname="co.famepilot.selenium.webdriver.basic.Famepilot_Login">
    <skipped/>
  </testcase> <!-- verifyInvalidEmailTest -->
  <testcase name="verifyInvalidPasswordTest" time="0.0" classname="co.famepilot.selenium.webdriver.basic.Famepilot_Login">
    <skipped/>
  </testcase> <!-- verifyInvalidPasswordTest -->
  <testcase name="verifyInvalidCredentialsTest" time="0.0" classname="co.famepilot.selenium.webdriver.basic.Famepilot_Login">
    <skipped/>
  </testcase> <!-- verifyInvalidCredentialsTest -->
  <testcase name="verifyEmplyfieldsTest" time="0.0" classname="co.famepilot.selenium.webdriver.basic.Famepilot_Login">
    <skipped/>
  </testcase> <!-- verifyEmplyfieldsTest -->
  <testcase name="verifyEmptyUsernameFieldTest" time="0.0" classname="co.famepilot.selenium.webdriver.basic.Famepilot_Login">
    <skipped/>
  </testcase> <!-- verifyEmptyUsernameFieldTest -->
  <testcase name="verifyEmptyPasswordFieldTest" time="0.0" classname="co.famepilot.selenium.webdriver.basic.Famepilot_Login">
    <skipped/>
  </testcase> <!-- verifyEmptyPasswordFieldTest -->
  <testcase name="verifyTermsconditionsTest" time="0.0" classname="co.famepilot.selenium.webdriver.basic.Famepilot_Login">
    <skipped/>
  </testcase> <!-- verifyTermsconditionsTest -->
  <testcase name="verifycrossbuttonTest" time="0.0" classname="co.famepilot.selenium.webdriver.basic.Famepilot_Login">
    <skipped/>
  </testcase> <!-- verifycrossbuttonTest -->
  <testcase name="verifyPageTitleTest" time="0.0" classname="co.famepilot.selenium.webdriver.basic.Famepilot_Login">
    <skipped/>
  </testcase> <!-- verifyPageTitleTest -->
</testsuite> <!-- Famepilot App test -->
